<?xml version="1.0" encoding="UTF-8"?>
<!-- Generated by org.testng.reporters.JUnitReportReporter -->
<testsuite hostname="LAPTOP-V1RKEH6A" name="tests.BaseClass" tests="1" failures="0" timestamp="21 Jul 2020 17:35:54 GMT" time="0.005" errors="0">
  <testcase name="sample" time="0.005" classname="tests.BaseClass"/>
</testsuite> <!-- tests.BaseClass -->
